This is pdfTeXk, Version 3.141592-1.40.3 (Web2C 7.5.6) (format=pdflatex 2009.6.11)  17 JUN 2009 09:56
entering extended mode
 %&-line parsing enabled.
**\def\hgid{3f00f0b98d9a 424 tip} \nonstopmode \input{"/home/vilayann/paper/use
nix09/paper.tex"}
(/home/vilayann/paper/usenix09/paper.tex
(/usr/share/texmf-texlive/tex/latex/base/article.cls
Document Class: article 2005/09/16 v1.4f Standard LaTeX document class
(/usr/share/texmf-texlive/tex/latex/base/size10.clo
File: size10.clo 2005/09/16 v1.4f Standard LaTeX file (size option)
)
\c@part=\count79
\c@section=\count80
\c@subsection=\count81
\c@subsubsection=\count82
\c@paragraph=\count83
\c@subparagraph=\count84
\c@figure=\count85
\c@table=\count86
\abovecaptionskip=\skip41
\belowcaptionskip=\skip42
\bibindent=\dimen102
)
(/home/vilayann/paper/usenix09/usenix.sty
(/usr/share/texmf-texlive/tex/latex/psnfss/times.sty
Package: times 2005/04/12 PSNFSS-v9.2a (SPQR) 
))
(/usr/share/texmf-texlive/tex/latex/ltxmisc/endnotes.sty
\c@endnote=\count87
\endnotesep=\dimen103
\@enotes=\write3
)
(/usr/share/texmf-texlive/tex/latex/psnfss/mathptmx.sty
Package: mathptmx 2005/04/12 PSNFSS-v9.2a Times w/ Math, improved (SPQR, WaS) 
LaTeX Font Info:    Redeclaring symbol font `operators' on input line 28.
LaTeX Font Info:    Overwriting symbol font `operators' in version `normal'
(Font)                  OT1/cmr/m/n --> OT1/ztmcm/m/n on input line 28.
LaTeX Font Info:    Overwriting symbol font `operators' in version `bold'
(Font)                  OT1/cmr/bx/n --> OT1/ztmcm/m/n on input line 28.
LaTeX Font Info:    Redeclaring symbol font `letters' on input line 29.
LaTeX Font Info:    Overwriting symbol font `letters' in version `normal'
(Font)                  OML/cmm/m/it --> OML/ztmcm/m/it on input line 29.
LaTeX Font Info:    Overwriting symbol font `letters' in version `bold'
(Font)                  OML/cmm/b/it --> OML/ztmcm/m/it on input line 29.
LaTeX Font Info:    Redeclaring symbol font `symbols' on input line 30.
LaTeX Font Info:    Overwriting symbol font `symbols' in version `normal'
(Font)                  OMS/cmsy/m/n --> OMS/ztmcm/m/n on input line 30.
LaTeX Font Info:    Overwriting symbol font `symbols' in version `bold'
(Font)                  OMS/cmsy/b/n --> OMS/ztmcm/m/n on input line 30.
LaTeX Font Info:    Redeclaring symbol font `largesymbols' on input line 31.
LaTeX Font Info:    Overwriting symbol font `largesymbols' in version `normal'
(Font)                  OMX/cmex/m/n --> OMX/ztmcm/m/n on input line 31.
LaTeX Font Info:    Overwriting symbol font `largesymbols' in version `bold'
(Font)                  OMX/cmex/m/n --> OMX/ztmcm/m/n on input line 31.
\symbold=\mathgroup4
\symitalic=\mathgroup5
LaTeX Font Info:    Redeclaring math alphabet \mathbf on input line 34.
LaTeX Font Info:    Overwriting math alphabet `\mathbf' in version `normal'
(Font)                  OT1/cmr/bx/n --> OT1/ptm/bx/n on input line 34.
LaTeX Font Info:    Overwriting math alphabet `\mathbf' in version `bold'
(Font)                  OT1/cmr/bx/n --> OT1/ptm/bx/n on input line 34.
LaTeX Font Info:    Redeclaring math alphabet \mathit on input line 35.
LaTeX Font Info:    Overwriting math alphabet `\mathit' in version `normal'
(Font)                  OT1/cmr/m/it --> OT1/ptm/m/it on input line 35.
LaTeX Font Info:    Overwriting math alphabet `\mathit' in version `bold'
(Font)                  OT1/cmr/bx/it --> OT1/ptm/m/it on input line 35.
LaTeX Info: Redefining \hbar on input line 50.
)
(/home/vilayann/paper/usenix09/ptmgreek.sty
Package: ptmgreek 2001/03/02 v0.2 (Volker Ahlers)
\symlettersit=\mathgroup6
LaTeX Font Info:    Redeclaring math symbol \Gamma on input line 40.
LaTeX Font Info:    Redeclaring math symbol \Delta on input line 41.
LaTeX Font Info:    Redeclaring math symbol \Theta on input line 42.
LaTeX Font Info:    Redeclaring math symbol \Lambda on input line 43.
LaTeX Font Info:    Redeclaring math symbol \Xi on input line 44.
LaTeX Font Info:    Redeclaring math symbol \Pi on input line 45.
LaTeX Font Info:    Redeclaring math symbol \Sigma on input line 46.
LaTeX Font Info:    Redeclaring math symbol \Upsilon on input line 47.
LaTeX Font Info:    Redeclaring math symbol \Phi on input line 48.
LaTeX Font Info:    Redeclaring math symbol \Psi on input line 49.
LaTeX Font Info:    Redeclaring math symbol \Omega on input line 50.
LaTeX Font Info:    Redeclaring math symbol \alpha on input line 51.
LaTeX Font Info:    Redeclaring math symbol \beta on input line 52.
LaTeX Font Info:    Redeclaring math symbol \gamma on input line 53.
LaTeX Font Info:    Redeclaring math symbol \delta on input line 54.
LaTeX Font Info:    Redeclaring math symbol \epsilon on input line 55.
LaTeX Font Info:    Redeclaring math symbol \zeta on input line 56.
LaTeX Font Info:    Redeclaring math symbol \eta on input line 57.
LaTeX Font Info:    Redeclaring math symbol \theta on input line 58.
LaTeX Font Info:    Redeclaring math symbol \iota on input line 59.
LaTeX Font Info:    Redeclaring math symbol \kappa on input line 60.
LaTeX Font Info:    Redeclaring math symbol \lambda on input line 61.
LaTeX Font Info:    Redeclaring math symbol \mu on input line 62.
LaTeX Font Info:    Redeclaring math symbol \nu on input line 63.
LaTeX Font Info:    Redeclaring math symbol \xi on input line 64.
LaTeX Font Info:    Redeclaring math symbol \pi on input line 65.
LaTeX Font Info:    Redeclaring math symbol \rho on input line 66.
LaTeX Font Info:    Redeclaring math symbol \sigma on input line 67.
LaTeX Font Info:    Redeclaring math symbol \tau on input line 68.
LaTeX Font Info:    Redeclaring math symbol \upsilon on input line 69.
LaTeX Font Info:    Redeclaring math symbol \phi on input line 70.
LaTeX Font Info:    Redeclaring math symbol \chi on input line 71.
LaTeX Font Info:    Redeclaring math symbol \psi on input line 72.
LaTeX Font Info:    Redeclaring math symbol \omega on input line 73.
LaTeX Font Info:    Redeclaring math symbol \varepsilon on input line 74.
LaTeX Font Info:    Redeclaring math symbol \vartheta on input line 75.
LaTeX Font Info:    Redeclaring math symbol \varrho on input line 77.
LaTeX Font Info:    Redeclaring math symbol \varsigma on input line 78.
LaTeX Font Info:    Redeclaring math symbol \varphi on input line 79.
LaTeX Font Info:    Redeclaring math symbol \varpi on input line 80.
\symlettersrm=\mathgroup7
)
(/usr/share/texmf-texlive/tex/latex/amsmath/amsmath.sty
Package: amsmath 2000/07/18 v2.13 AMS math features
\@mathmargin=\skip43

For additional information on amsmath, use the `?' option.
(/usr/share/texmf-texlive/tex/latex/amsmath/amstext.sty
Package: amstext 2000/06/29 v2.01

(/usr/share/texmf-texlive/tex/latex/amsmath/amsgen.sty
File: amsgen.sty 1999/11/30 v2.0
\@emptytoks=\toks14
\ex@=\dimen104
))
(/usr/share/texmf-texlive/tex/latex/amsmath/amsbsy.sty
Package: amsbsy 1999/11/29 v1.2d
\pmbraise@=\dimen105
)
(/usr/share/texmf-texlive/tex/latex/amsmath/amsopn.sty
Package: amsopn 1999/12/14 v2.01 operator names
)
\inf@bad=\count88
LaTeX Info: Redefining \frac on input line 211.
\uproot@=\count89
\leftroot@=\count90
LaTeX Info: Redefining \overline on input line 307.
\classnum@=\count91
\DOTSCASE@=\count92
LaTeX Info: Redefining \ldots on input line 379.
LaTeX Info: Redefining \dots on input line 382.
LaTeX Info: Redefining \cdots on input line 467.
\Mathstrutbox@=\box26
\strutbox@=\box27
\big@size=\dimen106
LaTeX Font Info:    Redeclaring font encoding OML on input line 567.
LaTeX Font Info:    Redeclaring font encoding OMS on input line 568.
\macc@depth=\count93
\c@MaxMatrixCols=\count94
\dotsspace@=\muskip10
\c@parentequation=\count95
\dspbrk@lvl=\count96
\tag@help=\toks15
\row@=\count97
\column@=\count98
\maxfields@=\count99
\andhelp@=\toks16
\eqnshift@=\dimen107
\alignsep@=\dimen108
\tagshift@=\dimen109
\tagwidth@=\dimen110
\totwidth@=\dimen111
\lineht@=\dimen112
\@envbody=\toks17
\multlinegap=\skip44
\multlinetaggap=\skip45
\mathdisplay@stack=\toks18
LaTeX Info: Redefining \[ on input line 2666.
LaTeX Info: Redefining \] on input line 2667.
)
(/usr/share/texmf-texlive/tex/latex/amsfonts/amssymb.sty
Package: amssymb 2002/01/22 v2.2d

(/usr/share/texmf-texlive/tex/latex/amsfonts/amsfonts.sty
Package: amsfonts 2001/10/25 v2.2f
\symAMSa=\mathgroup8
\symAMSb=\mathgroup9
LaTeX Font Info:    Overwriting math alphabet `\mathfrak' in version `bold'
(Font)                  U/euf/m/n --> U/euf/b/n on input line 132.
))
(/usr/share/texmf-texlive/tex/latex/ltxmisc/framed.sty
Package: framed 2003/07/21 v 0.8a: framed or shaded text with page breaks
\FrameRule=\dimen113
\FrameSep=\dimen114
)
(/usr/share/texmf-texlive/tex/latex/graphics/color.sty
Package: color 2005/11/14 v1.0j Standard LaTeX Color (DPC)

(/etc/texmf/tex/latex/config/color.cfg
File: color.cfg 2007/01/18 v1.5 color configuration of teTeX/TeXLive
)
Package color Info: Driver file: pdftex.def on input line 130.

(/usr/share/texmf-texlive/tex/latex/pdftex-def/pdftex.def
File: pdftex.def 2007/01/08 v0.04d Graphics/color for pdfTeX
\Gread@gobject=\count100
))
(/usr/share/texmf-texlive/tex/latex/tools/xspace.sty
Package: xspace 2006/05/08 v1.12 Space after command names (DPC,MH)
)
(/usr/share/texmf-texlive/tex/latex/graphics/graphicx.sty
Package: graphicx 1999/02/16 v1.0f Enhanced LaTeX Graphics (DPC,SPQR)

(/usr/share/texmf-texlive/tex/latex/graphics/keyval.sty
Package: keyval 1999/03/16 v1.13 key=value parser (DPC)
\KV@toks@=\toks19
)
(/usr/share/texmf-texlive/tex/latex/graphics/graphics.sty
Package: graphics 2006/02/20 v1.0o Standard LaTeX Graphics (DPC,SPQR)

(/usr/share/texmf-texlive/tex/latex/graphics/trig.sty
Package: trig 1999/03/16 v1.09 sin cos tan (DPC)
)
(/etc/texmf/tex/latex/config/graphics.cfg
File: graphics.cfg 2007/01/18 v1.5 graphics configuration of teTeX/TeXLive
)
Package graphics Info: Driver file: pdftex.def on input line 90.
)
\Gin@req@height=\dimen115
\Gin@req@width=\dimen116
)
(/usr/share/texmf-texlive/tex/latex/base/ifthen.sty
Package: ifthen 2001/05/26 v1.1c Standard LaTeX ifthen package (DPC)
)
(/home/vilayann/paper/usenix09/algorithm2e.sty
Package: algorithm2e 2005/10/04 v3.9 algorithms environments
\c@AlgoLine=\count101

********************************************************
Package `algorithm2e' Release 3.9 -- october 04 2005 --
- algorithm2e-announce@lirmm.fr mailing list for announcement about releases
- algorithm2e-discussion@lirmm.fr mailing list for discussion about package
subscribe by emailing sympa@lirmm.fr with 'subscribe <list> <firstname name>'
- Author: Christophe Fiorio (fiorio@lirmm.fr)
********************************************************
\skiptotal=\skip46
\skiprule=\skip47
\skiphlne=\skip48
\skiptext=\skip49
\skiplength=\skip50
\algomargin=\skip51
\skipalgocfslide=\skip52
\algowidth=\dimen117
\inoutsize=\dimen118
\inoutline=\dimen119
\algocf@inoutbox=\box28
\algocf@inputbox=\box29
\AlCapSkip=\skip53
\AlCapHSkip=\skip54
\algocf@capbox=\box30
\c@algocfline=\count102
\c@algocf=\count103
\algocf@algoframe=\box31
\algocf@algobox=\box32
) (/usr/share/texmf-texlive/tex/latex/units/nicefrac.sty
Package: nicefrac 1998/08/04 v0.9b Nice fractions
\L@UnitsRaiseDisplaystyle=\skip55
\L@UnitsRaiseTextstyle=\skip56
\L@UnitsRaiseScriptstyle=\skip57
)
(/usr/share/texmf-texlive/tex/latex/ltxmisc/url.sty
\Urlmuskip=\muskip11
Package: url 2005/06/27  ver 3.2  Verb mode for urls, etc.
)
(/usr/share/texmf-texlive/tex/latex/cite/cite.sty
LaTeX Info: Redefining \cite on input line 149.
LaTeX Info: Redefining \nocite on input line 214.
Package: cite 2003/11/04  v 4.01
)
(/usr/share/texmf-texlive/tex/latex/subfig/subfig.sty
Package: subfig 2005/06/28 ver: 1.3 subfig package

(/usr/share/texmf-texlive/tex/latex/caption/caption.sty
Package: caption 2007/01/07 v3.0k Customising captions (AR)

(/usr/share/texmf-texlive/tex/latex/caption/caption3.sty
Package: caption3 2007/01/07 v3.0k caption3 kernel (AR)
\captionmargin=\dimen120
\captionmarginx=\dimen121
\captionwidth=\dimen122
\captionindent=\dimen123
\captionparindent=\dimen124
\captionhangindent=\dimen125
))
\c@KVtest=\count104
\sf@farskip=\skip58
\sf@captopadj=\dimen126
\sf@capskip=\skip59
\sf@nearskip=\skip60
\c@subfigure=\count105
\c@subfigure@save=\count106
\c@lofdepth=\count107
\c@subtable=\count108
\c@subtable@save=\count109
\c@lotdepth=\count110
\sf@top=\skip61
\sf@bottom=\skip62
)
(/usr/share/texmf-texlive/tex/latex/microtype/microtype.sty
Package: microtype 2007/01/21 v2.0 Micro-typography with pdfTeX (RS)
\MT@toks=\toks20
\MT@count=\count111
LaTeX Info: Redefining \lsstyle on input line 1370.
LaTeX Info: Redefining \lslig on input line 1370.
LaTeX Info: Redefining \textls on input line 1371.
\MT@lskern=\dimen127
Package microtype Info: Loading configuration file microtype.cfg.

(/usr/share/texmf-texlive/tex/latex/microtype/microtype.cfg
File: microtype.cfg 2007/01/14 v2.0 microtype main configuration file (RS)
))
(/home/vilayann/paper/usenix09/util-macros.tex)
(/home/vilayann/paper/usenix09/paper.aux)
\openout1 = `paper.aux'.

LaTeX Font Info:    Checking defaults for OML/cmm/m/it on input line 100.
LaTeX Font Info:    ... okay on input line 100.
LaTeX Font Info:    Checking defaults for T1/cmr/m/n on input line 100.
LaTeX Font Info:    ... okay on input line 100.
LaTeX Font Info:    Checking defaults for OT1/cmr/m/n on input line 100.
LaTeX Font Info:    ... okay on input line 100.
LaTeX Font Info:    Checking defaults for OMS/cmsy/m/n on input line 100.
LaTeX Font Info:    ... okay on input line 100.
LaTeX Font Info:    Checking defaults for OMX/cmex/m/n on input line 100.
LaTeX Font Info:    ... okay on input line 100.
LaTeX Font Info:    Checking defaults for U/cmr/m/n on input line 100.
LaTeX Font Info:    ... okay on input line 100.
LaTeX Font Info:    Try loading font information for OT1+ptm on input line 100.


(/usr/share/texmf-texlive/tex/latex/psnfss/ot1ptm.fd
File: ot1ptm.fd 2001/06/04 font definitions for OT1/ptm.
)
(/usr/share/texmf/tex/latex/dblatex/misc/ragged2e.sty
Package: ragged2e 2003/03/25 v2.04 ragged2e Package (MS)

(/usr/share/texmf-texlive/tex/latex/everysel/everysel.sty
Package: everysel 1999/06/08 v1.03 EverySelectfont Package (MS)
LaTeX Info: Redefining \selectfont on input line 125.
)
\CenteringLeftskip=\skip63
\RaggedLeftLeftskip=\skip64
\RaggedRightLeftskip=\skip65
\CenteringRightskip=\skip66
\RaggedLeftRightskip=\skip67
\RaggedRightRightskip=\skip68
\CenteringParfillskip=\skip69
\RaggedLeftParfillskip=\skip70
\RaggedRightParfillskip=\skip71
\JustifyingParfillskip=\skip72
\CenteringParindent=\skip73
\RaggedLeftParindent=\skip74
\RaggedRightParindent=\skip75
\JustifyingParindent=\skip76
)
Package caption Info: subref 1.2 or 1.3 detected on input line 100.
LaTeX Info: Redefining \subref on input line 100.
Package microtype Info: Generating PDF output.
Package microtype Info: Character protrusion enabled (level 2).
Package microtype Info: Using default protrusion set `alltext'.
Package microtype Info: Automatic font expansion enabled (level 2),
(microtype)             stretch: 10, shrink: 10, step: 2, non-selected.
Package microtype Info: Using default expansion set `basictext'.
Package microtype Info: No tracking.
Package microtype Info: No adjustment of interword spacing.
Package microtype Info: No adjustment of character kerning.

(/usr/share/texmf-texlive/tex/latex/microtype/mt-ptm.cfg
File: mt-ptm.cfg 2006/04/20 v1.7 microtype config. file: Times (RS)
)
(/home/vilayann/paper/usenix09/title.tex
LaTeX Font Info:    Font shape `OT1/ptm/bx/n' in size <14.4> not available
(Font)              Font shape `OT1/ptm/b/n' tried instead on input line 79.
LaTeX Font Info:    Try loading font information for OT1+ztmcm on input line 79
.

(/usr/share/texmf-texlive/tex/latex/psnfss/ot1ztmcm.fd
File: ot1ztmcm.fd 2000/01/03 Fontinst v1.801 font definitions for OT1/ztmcm.
)
LaTeX Font Info:    Try loading font information for OML+ztmcm on input line 79
.

(/usr/share/texmf-texlive/tex/latex/psnfss/omlztmcm.fd
File: omlztmcm.fd 2000/01/03 Fontinst v1.801 font definitions for OML/ztmcm.
)
LaTeX Font Info:    Try loading font information for OMS+ztmcm on input line 79
.

(/usr/share/texmf-texlive/tex/latex/psnfss/omsztmcm.fd
File: omsztmcm.fd 2000/01/03 Fontinst v1.801 font definitions for OMS/ztmcm.
)
LaTeX Font Info:    Try loading font information for OMX+ztmcm on input line 79
.

(/usr/share/texmf-texlive/tex/latex/psnfss/omxztmcm.fd
File: omxztmcm.fd 2000/01/03 Fontinst v1.801 font definitions for OMX/ztmcm.
)
LaTeX Font Info:    Font shape `OT1/ptm/bx/n' in size <12> not available
(Font)              Font shape `OT1/ptm/b/n' tried instead on input line 79.
LaTeX Font Info:    Font shape `OT1/ptm/bx/n' in size <9> not available
(Font)              Font shape `OT1/ptm/b/n' tried instead on input line 79.
LaTeX Font Info:    Font shape `OT1/ptm/bx/n' in size <7> not available
(Font)              Font shape `OT1/ptm/b/n' tried instead on input line 79.
LaTeX Font Info:    Font shape `OML/hlcm2/m/it' will be
(Font)              scaled to size 10.79993pt on input line 79.
LaTeX Font Info:    Font shape `OML/hlcm2/m/it' will be
(Font)              scaled to size 8.09995pt on input line 79.
LaTeX Font Info:    Font shape `OML/hlcm2/m/it' will be
(Font)              scaled to size 6.29996pt on input line 79.
LaTeX Font Info:    Font shape `OML/hlcm3/m/n' will be
(Font)              scaled to size 12.0pt on input line 79.
LaTeX Font Info:    Font shape `OML/hlcm3/m/n' will be
(Font)              scaled to size 9.0pt on input line 79.
LaTeX Font Info:    Font shape `OML/hlcm3/m/n' will be
(Font)              scaled to size 7.0pt on input line 79.

(/usr/share/texmf-texlive/tex/latex/microtype/mt-msa.cfg
File: mt-msa.cfg 2006/02/04 v1.1 microtype config. file: AMS symbols (a) (RS)
)
(/usr/share/texmf-texlive/tex/latex/microtype/mt-msb.cfg
File: mt-msb.cfg 2005/06/01 v1.0 microtype config. file: AMS symbols (b) (RS)
))
(/home/vilayann/paper/usenix09/abstract.tex)
(/home/vilayann/paper/usenix09/intro.tex [1{/var/lib/texmf/fonts/map/pdftex/upd
map/pdftex.map}


]) (/home/vilayann/paper/usenix09/overview.tex
<figures/vmfs.pdf, id=9, 487.542pt x 293.75322pt>
File: figures/vmfs.pdf Graphic file (type pdf)
 <use figures/vmfs.pdf>
LaTeX Font Info:    Try loading font information for OT1+pcr on input line 17.

(/usr/share/texmf-texlive/tex/latex/psnfss/ot1pcr.fd
File: ot1pcr.fd 2001/06/04 font definitions for OT1/pcr.
) [2 </home/vilayann/paper/usenix09/figures/vmfs.pdf

pdfTeX warning: pdflatex (file /home/vilayann/paper/usenix09/figures/vmfs.pdf):
 PDF inclusion: Page Group detected which pdfTeX can't handle. Ignoring it.
>] [3] <figures/mixed.pdf, id=43, 327.15936pt x 238.91272pt>
File: figures/mixed.pdf Graphic file (type pdf)

<use figures/mixed.pdf> [4 </home/vilayann/paper/usenix09/figures/mixed.pdf

pdfTeX warning: pdflatex (file /home/vilayann/paper/usenix09/figures/mixed.pdf)
: PDF inclusion: Page Group detected which pdfTeX can't handle. Ignoring it.
>]) (/home/vilayann/paper/usenix09/design.tex
<figures/writemon.pdf, id=66, 492.34679pt x 267.79524pt>
File: figures/writemon.pdf Graphic file (type pdf)

<use figures/writemon.pdf>
LaTeX Font Info:    Font shape `OT1/ptm/bx/n' in size <10> not available
(Font)              Font shape `OT1/ptm/b/n' tried instead on input line 92.
LaTeX Font Info:    Font shape `OT1/ptm/bx/n' in size <7.4> not available
(Font)              Font shape `OT1/ptm/b/n' tried instead on input line 92.
LaTeX Font Info:    Font shape `OT1/ptm/bx/n' in size <6> not available
(Font)              Font shape `OT1/ptm/b/n' tried instead on input line 92.
LaTeX Font Info:    Font shape `OML/hlcm2/m/it' will be
(Font)              scaled to size 8.99994pt on input line 92.
LaTeX Font Info:    Font shape `OML/hlcm2/m/it' will be
(Font)              scaled to size 6.65994pt on input line 92.
LaTeX Font Info:    Font shape `OML/hlcm2/m/it' will be
(Font)              scaled to size 5.39996pt on input line 92.
LaTeX Font Info:    Font shape `OML/hlcm3/m/n' will be
(Font)              scaled to size 10.0pt on input line 92.
LaTeX Font Info:    Font shape `OML/hlcm3/m/n' will be
(Font)              scaled to size 7.4pt on input line 92.
LaTeX Font Info:    Font shape `OML/hlcm3/m/n' will be
(Font)              scaled to size 6.0pt on input line 92.
LaTeX Font Info:    Font shape `OT1/ptm/bx/n' in size <8> not available
(Font)              Font shape `OT1/ptm/b/n' tried instead on input line 96.
LaTeX Font Info:    Font shape `OT1/ptm/bx/n' in size <5> not available
(Font)              Font shape `OT1/ptm/b/n' tried instead on input line 96.
LaTeX Font Info:    Font shape `OML/hlcm2/m/it' will be
(Font)              scaled to size 7.19995pt on input line 96.
LaTeX Font Info:    Font shape `OML/hlcm2/m/it' will be
(Font)              scaled to size 4.49997pt on input line 96.
LaTeX Font Info:    Font shape `OML/hlcm3/m/n' will be
(Font)              scaled to size 8.0pt on input line 96.
LaTeX Font Info:    Font shape `OML/hlcm3/m/n' will be
(Font)              scaled to size 5.0pt on input line 96.
 [5 </home/vilayann/paper/usenix09/figures/writemon.pdf

pdfTeX warning: pdflatex (file /home/vilayann/paper/usenix09/figures/writemon.p
df): PDF inclusion: Page Group detected which pdfTeX can't handle. Ignoring it.

>] [6] <figures/indexstates.pdf, id=92, 364.84175pt x 347.17476pt>
File: figures/indexstates.pdf Graphic file (type pdf)

<use figures/indexstates.pdf>
Overfull \hbox (25.0pt too wide) in paragraph at lines 330--330
[] [] 
 []

File: figures/indexstates.pdf Graphic file (type pdf)
<use figures/indexstates.pdf>
Overfull \hbox (25.0pt too wide) in paragraph at lines 337--337
[] [] 
 []

File: figures/indexstates.pdf Graphic file (type pdf)
<use figures/indexstates.pdf>
Overfull \hbox (25.0pt too wide) in paragraph at lines 344--344
[] [] 
 []

File: figures/indexstates.pdf Graphic file (type pdf)
<use figures/indexstates.pdf>
Overfull \hbox (25.0pt too wide) in paragraph at lines 352--352
[] [] 
 []

[7 </home/vilayann/paper/usenix09/figures/indexstates.pdf

pdfTeX warning: pdflatex (file /home/vilayann/paper/usenix09/figures/indexstate
s.pdf): PDF inclusion: Page Group detected which pdfTeX can't handle. Ignoring 
it.
>]) (/home/vilayann/paper/usenix09/evaluation.tex [8]
<figures/vmware-it-vdi-bar2.pdf, id=110, 361.35pt x 252.945pt>
File: figures/vmware-it-vdi-bar2.pdf Graphic file (type pdf)

<use figures/vmware-it-vdi-bar2.pdf>
<figures/vmware-it-vdi-cdf.pdf, id=111, 361.35pt x 252.945pt>
File: figures/vmware-it-vdi-cdf.pdf Graphic file (type pdf)

<use figures/vmware-it-vdi-cdf.pdf>
Underfull \vbox (badness 10000) has occurred while \output is active []


Underfull \hbox (badness 1540) in paragraph at lines 149--160
[]\OT1/ptm/m/n/10 (+10) The in-dex rep-re-sented 1.5 GB of this over-head,
 []


Underfull \hbox (badness 1221) in paragraph at lines 206--214
[]\OT1/ptm/m/n/10 (+10) Prior to dedu-pli-ca-tion, file meta-data (in-odes and
 []

[9 </home/vilayann/paper/usenix09/figures/vmware-it-vdi-bar2.pdf> </home/vilaya
nn/paper/usenix09/figures/vmware-it-vdi-cdf.pdf>]
Overfull \hbox (1.06602pt too wide) in paragraph at lines 393--407
 [][] 
 []

[10]
Overfull \hbox (3.23027pt too wide) in paragraph at lines 553--553
 []\OT1/ptm/m/n/9 (-10) BS=1 MB 
 []


Overfull \hbox (1.74236pt too wide) in paragraph at lines 553--553
 []\OT1/ptm/m/n/9 (-10) BS=4 KB 
 []


Underfull \hbox (badness 1831) in paragraph at lines 578--578
[] \OT1/ptm/m/n/10 (+10) Ta-ble 3: |Over-head of mixed block frag-men-ta-tion.
 []

<figures/copied-vs-dedup.pdf, id=126, 361.35pt x 252.945pt>
File: figures/copied-vs-dedup.pdf Graphic file (type pdf)

<use figures/copied-vs-dedup.pdf> [11])
(/home/vilayann/paper/usenix09/related.tex [12 </home/vilayann/paper/usenix09/f
igures/copied-vs-dedup.pdf>]) (/home/vilayann/paper/usenix09/conclusion.tex)
[13] (/home/vilayann/paper/usenix09/paper.bbl
LaTeX Font Info:    Try loading font information for OMS+ptm on input line 5.

(/usr/share/texmf-texlive/tex/latex/psnfss/omsptm.fd
File: omsptm.fd 
)
LaTeX Font Info:    Font shape `OMS/ptm/m/n' in size <8> not available
(Font)              Font shape `OMS/cmsy/m/n' tried instead on input line 5.

Underfull \hbox (badness 10000) in paragraph at lines 31--33
[]\OT1/ptm/m/n/8 (+10) EMC Cen-tera datasheet.  $\OT1/pcr/m/n/8 http : / / www 
. emc . com /
 []

) [14] (/home/vilayann/paper/usenix09/paper.aux) )
(\end occurred when \iffalse on line 76 was incomplete) 
Here is how much of TeX's memory you used:
 5224 strings out of 94834
 75140 string characters out of 1179181
 184919 words of memory out of 1500000
 8085 multiletter control sequences out of 10000+50000
 69903 words of font info for 255 fonts, out of 1200000 for 2000
 212 hyphenation exceptions out of 8191
 44i,16n,42p,1282b,334s stack positions out of 5000i,500n,6000p,200000b,5000s
{/usr/share/texmf-texliv
e/fonts/enc/dvips/base/8r.enc}</usr/share/texmf-texlive/fonts/type1/bluesky/cm/
cmmi10.pfb></usr/share/texmf-texlive/fonts/type1/bluesky/cm/cmr10.pfb></usr/sha
re/texmf-texlive/fonts/type1/bluesky/cm/cmsy10.pfb></usr/share/texmf-texlive/fo
nts/type1/bluesky/cm/cmsy8.pfb></usr/share/texmf-texlive/fonts/type1/urw/courie
r/ucrr8a.pfb></usr/share/texmf-texlive/fonts/type1/urw/times/utmb8a.pfb></usr/s
hare/texmf-texlive/fonts/type1/urw/times/utmr8a.pfb></usr/share/texmf-texlive/f
onts/type1/urw/times/utmri8a.pfb>
Output written on paper.pdf (14 pages, 271840 bytes).
PDF statistics:
 172 PDF objects out of 1000 (max. 8388607)
 0 named destinations out of 1000 (max. 131072)
 51260 words of extra memory for PDF output out of 51595 (max. 10000000)

